0 info it worked if it ends with ok
1 verbose cli [ 'D:\\软件安装\\Node.js\\node.exe',
1 verbose cli   'D:\\软件安装\\Node.js\\node_modules\\npm\\bin\\npm-cli.js',
1 verbose cli   'run',
1 verbose cli   'dev' ]
2 info using npm@3.10.10
3 info using node@v6.9.5
4 verbose run-script [ 'predev', 'dev', 'postdev' ]
5 info lifecycle @~predev: @
6 silly lifecycle @~predev: no script for predev, continuing
7 info lifecycle @~dev: @
8 verbose lifecycle @~dev: unsafe-perm in lifecycle true
9 verbose lifecycle @~dev: PATH: D:\软件安装\Node.js\node_modules\npm\bin\node-gyp-bin;D:\html\vue学习\day01\node_modules\.bin;D:\Anaconda3;D:\Anaconda3\Library\mingw-w64\bin;D:\Anaconda3\Library\bin;D:\Anaconda3\Scripts;C:\ProgramData\Oracle\Java\javapath;C:\Windows\system32;C:\Windows;C:\Windows\System32\Wbem;C:\Windows\System32\WindowsPowerShell\v1.0\;C:\Program Files (x86)\NVIDIA Corporation\PhysX\Common;C:\Program Files\Intel\WiFi\bin\;C:\Program Files\Common Files\Intel\WirelessCommon\;C:\WINDOWS\system32;C:\WINDOWS;C:\WINDOWS\System32\Wbem;C:\WINDOWS\System32\WindowsPowerShell\v1.0\;"%J;VA_HOME%\bin;C:\Program Files\Java\jdk1.8.0_144\jre\bin;";C:\WINDOWS\System32\OpenSSH\;D:\软件下载\apache-maven-3.5.0-bin\apache-maven-3.5.0\bin;D:\软件安装\svn\bin;D:\;件安装\git\Git\cmd;D:;软件安装\Node.js\;D:\软件安装\git\Git\cmd;D:\软件安装\谷歌浏览器\chromedriver_win32;D:\软件安装\ffmpeg\bin;D:\软件安装\python3.6.5\;D:\软件安装\python3.6.5\Scripts\;D:\软件安装\Node.js;D:\软件安装\python3.6.5\Scripts\;D:\;件安装\python3.6.5\;C:;Users\janus\AppData\Local\Microsoft\WindowsApps;C:\Users\janus\AppData\Local\GitHubDesktop\bin;C:\Users\janus\AppData\Local\atom\bin;C:\Users\janus\AppData\Roaming\npm;D:\软件安装\Fiddler;D:;软件安装\Docker Toolbox;D:\软件安装\Docker Toolbox;D:\软件安装\谷歌浏览器\chromedriver_win32;D:\软件安装\ffmpeg\bin;
10 verbose lifecycle @~dev: CWD: D:\html\vue学习\day01
11 silly lifecycle @~dev: Args: [ '/d /s /c',
11 silly lifecycle   '..\\node_modules\\.bin\\webpack-dev-server --inline --hot --open' ]
12 silly lifecycle @~dev: Returned: code: 1  signal: null
13 info lifecycle @~dev: Failed to exec dev script
14 verbose stack Error: @ dev: `..\node_modules\.bin\webpack-dev-server --inline --hot --open`
14 verbose stack Exit status 1
14 verbose stack     at EventEmitter.<anonymous> (D:\软件安装\Node.js\node_modules\npm\lib\utils\lifecycle.js:255:16)
14 verbose stack     at emitTwo (events.js:106:13)
14 verbose stack     at EventEmitter.emit (events.js:191:7)
14 verbose stack     at ChildProcess.<anonymous> (D:\软件安装\Node.js\node_modules\npm\lib\utils\spawn.js:40:14)
14 verbose stack     at emitTwo (events.js:106:13)
14 verbose stack     at ChildProcess.emit (events.js:191:7)
14 verbose stack     at maybeClose (internal/child_process.js:877:16)
14 verbose stack     at Process.ChildProcess._handle.onexit (internal/child_process.js:226:5)
15 verbose pkgid @
16 verbose cwd D:\html\vue学习\day01
17 error Windows_NT 10.0.17134
18 error argv "D:\\软件安装\\Node.js\\node.exe" "D:\\软件安装\\Node.js\\node_modules\\npm\\bin\\npm-cli.js" "run" "dev"
19 error node v6.9.5
20 error npm  v3.10.10
21 error code ELIFECYCLE
22 error @ dev: `..\node_modules\.bin\webpack-dev-server --inline --hot --open`
22 error Exit status 1
23 error Failed at the @ dev script '..\node_modules\.bin\webpack-dev-server --inline --hot --open'.
23 error Make sure you have the latest version of node.js and npm installed.
23 error If you do, this is most likely a problem with the  package,
23 error not with npm itself.
23 error Tell the author that this fails on your system:
23 error     ..\node_modules\.bin\webpack-dev-server --inline --hot --open
23 error You can get information on how to open an issue for this project with:
23 error     npm bugs
23 error Or if that isn't available, you can get their info via:
23 error     npm owner ls
23 error There is likely additional logging output above.
24 verbose exit [ 1, true ]
